0 verbose cli C:\Program Files\nodejs\node.exe C:\Program Files\nodejs\node_modules\npm\bin\npm-cli.js
1 info using npm@9.6.7
2 info using node@v18.17.1
3 timing npm:load:whichnode Completed in 11ms
4 timing config:load:defaults Completed in 6ms
5 timing config:load:file:C:\Program Files\nodejs\node_modules\npm\npmrc Completed in 22ms
6 timing config:load:builtin Completed in 25ms
7 timing config:load:cli Completed in 10ms
8 timing config:load:env Completed in 2ms
9 timing config:load:file:C:\Users\Ndeye Nini\Desktop\node-auth\.npmrc Completed in 1ms
10 timing config:load:project Completed in 4ms
11 timing config:load:file:C:\Users\Ndeye Nini\.npmrc Completed in 1ms
12 timing config:load:user Completed in 2ms
13 timing config:load:file:C:\Users\Ndeye Nini\AppData\Roaming\npm\etc\npmrc Completed in 3ms
14 timing config:load:global Completed in 3ms
15 timing config:load:setEnvs Completed in 3ms
16 timing config:load Completed in 57ms
17 timing npm:load:configload Completed in 57ms
18 timing npm:load:mkdirpcache Completed in 1ms
19 timing npm:load:mkdirplogs Completed in 1ms
20 verbose title npm run dev
21 verbose argv "run" "dev"
22 timing npm:load:setTitle Completed in 7ms
23 timing config:load:flatten Completed in 43ms
24 timing npm:load:display Completed in 48ms
25 verbose logfile logs-max:10 dir:C:\Users\Ndeye Nini\Desktop\node-auth\Devnpm-repositorynpm-cache\_logs\2023-09-25T12_14_41_676Z-
26 verbose logfile C:\Users\Ndeye Nini\Desktop\node-auth\Devnpm-repositorynpm-cache\_logs\2023-09-25T12_14_41_676Z-debug-0.log
27 timing npm:load:logFile Completed in 57ms
28 timing npm:load:timers Completed in 1ms
29 timing npm:load:configScope Completed in 0ms
30 timing npm:load Completed in 188ms
31 silly logfile done cleaning log files
